app/build/outputs/logs/manifest-merger-debug-report.txt
-- Merging decision tree log ---
manifest
ADDED from src\main\AndroidManifest.xml:2:1-122:12
	package
		ADDED from src\main\AndroidManifest.xml:3:5-44
		INJECTED from src\main\AndroidManifest.xml
		INJECTED from src\main\AndroidManifest.xml
	android:versionName
		ADDED from src\main\AndroidManifest.xml:6:5-30
		INJECTED from src\main\AndroidManifest.xml
		INJECTED from src\main\AndroidManifest.xml
	android:versionCode
		ADDED from src\main\AndroidManifest.xml:5:5-28
		INJECTED from src\main\AndroidManifest.xml
		INJECTED from src\main\AndroidManifest.xml
	xmlns:android
		ADDED from src\main\AndroidManifest.xml:2:11-69
	android:installLocation
		ADDED from src\main\AndroidManifest.xml:6:31-61
	android:theme
		ADDED from src\main\AndroidManifest.xml:4:5-52
uses-sdk
ADDED from src\main\AndroidManifest.xml:8:5-10:41
MERGED from [com.android.support:appcompat-v7:23.2.1] AndroidManifest.xml:21:5-23:78
MERGED from [com.android.support:support-v4:23.2.1] AndroidManifest.xml:20:5-43
MERGED from [com.android.support:animated-vector-drawable:23.2.1] AndroidManifest.xml:5:5-44
MERGED from [com.android.support:support-vector-drawable:23.2.1] AndroidManifest.xml:5:5-43
MERGED from [com.android.support:support-v4:23.2.1] AndroidManifest.xml:20:5-43
MERGED from [com.android.support:support-vector-drawable:23.2.1] AndroidManifest.xml:5:5-43
MERGED from [com.android.support:support-v4:23.2.1] AndroidManifest.xml:20:5-43
	tools:overrideLibrary
		ADDED from [com.android.support:appcompat-v7:23.2.1] AndroidManifest.xml:23:9-75
	android:targetSdkVersion
		ADDED from src\main\AndroidManifest.xml:10:9-38
		INJECTED from src\main\AndroidManifest.xml
		INJECTED from src\main\AndroidManifest.xml
	android:minSdkVersion
		ADDED from src\main\AndroidManifest.xml:9:9-35
		INJECTED from src\main\AndroidManifest.xml
		INJECTED from src\main\AndroidManifest.xml
application
ADDED from src\main\AndroidManifest.xml:12:5-120:19
MERGED from [com.android.support:appcompat-v7:23.2.1] AndroidManifest.xml:25:5-20
MERGED from [com.android.support:support-v4:23.2.1] AndroidManifest.xml:22:5-20
MERGED from [com.android.support:animated-vector-drawable:23.2.1] AndroidManifest.xml:7:5-20
MERGED from [com.android.support:support-vector-drawable:23.2.1] AndroidManifest.xml:7:5-20
MERGED from [com.android.support:support-v4:23.2.1] AndroidManifest.xml:22:5-20
MERGED from [com.android.support:support-vector-drawable:23.2.1] AndroidManifest.xml:7:5-20
MERGED from [com.android.support:support-v4:23.2.1] AndroidManifest.xml:22:5-20
	android:label
		ADDED from src\main\AndroidManifest.xml:15:9-41
	android:allowBackup
		ADDED from src\main\AndroidManifest.xml:13:9-35
	android:icon
		ADDED from src\main\AndroidManifest.xml:14:9-45
	android:theme
		ADDED from src\main\AndroidManifest.xml:16:9-40
activity#com.example.assignmentplanner.MainActivity
ADDED from src\main\AndroidManifest.xml:17:9-25:20
	android:label
		ADDED from src\main\AndroidManifest.xml:19:13-56
	android:name
		ADDED from src\main\AndroidManifest.xml:18:13-41
intent-filter#android.intent.action.MAIN+android.intent.category.LAUNCHER
ADDED from src\main\AndroidManifest.xml:20:13-24:29
action#android.intent.action.MAIN
ADDED from src\main\AndroidManifest.xml:21:17-69
	android:name
		ADDED from src\main\AndroidManifest.xml:21:25-66
category#android.intent.category.LAUNCHER
ADDED from src\main\AndroidManifest.xml:23:17-77
	android:name
		ADDED from src\main\AndroidManifest.xml:23:27-74
activity#com.example.assignmentplanner.AssignmentsActivity
ADDED from src\main\AndroidManifest.xml:26:9-33:20
	android:label
		ADDED from src\main\AndroidManifest.xml:28:13-48
	android:parentActivityName
		ADDED from src\main\AndroidManifest.xml:29:13-55
	android:name
		ADDED from src\main\AndroidManifest.xml:27:13-48
meta-data#android.support.PARENT_ACTIVITY
ADDED from src\main\AndroidManifest.xml:30:13-32:85
	android:value
		ADDED from src\main\AndroidManifest.xml:32:17-82
	android:name
		ADDED from src\main\AndroidManifest.xml:31:17-63
activity#com.example.assignmentplanner.AssignmentDetailsActivity
ADDED from src\main\AndroidManifest.xml:34:9-41:20
	android:label
		ADDED from src\main\AndroidManifest.xml:36:13-59
	android:parentActivityName
		ADDED from src\main\AndroidManifest.xml:37:13-62
	android:name
		ADDED from src\main\AndroidManifest.xml:35:13-54
activity#com.example.assignmentplanner.ClassDetailsActivity
ADDED from src\main\AndroidManifest.xml:42:9-49:20
	android:label
		ADDED from src\main\AndroidManifest.xml:44:13-65
	android:parentActivityName
		ADDED from src\main\AndroidManifest.xml:45:13-58
	android:name
		ADDED from src\main\AndroidManifest.xml:43:13-49
activity#com.example.assignmentplanner.AddNewAssignmentActivity
ADDED from src\main\AndroidManifest.xml:50:9-59:20
	android:label
		ADDED from src\main\AndroidManifest.xml:52:13-59
	android:parentActivityName
		ADDED from src\main\AndroidManifest.xml:53:13-62
	android:name
		ADDED from src\main\AndroidManifest.xml:51:13-53
activity#com.example.assignmentplanner.CalendarSimple
ADDED from src\main\AndroidManifest.xml:60:9-67:20
	android:label
		ADDED from src\main\AndroidManifest.xml:62:13-67
	android:parentActivityName
		ADDED from src\main\AndroidManifest.xml:63:13-55
	android:name
		ADDED from src\main\AndroidManifest.xml:61:13-43
activity#com.example.assignmentplanner.FreeTime
ADDED from src\main\AndroidManifest.xml:68:9-75:20
	android:label
		ADDED from src\main\AndroidManifest.xml:70:13-61
	android:parentActivityName
		ADDED from src\main\AndroidManifest.xml:71:13-55
	android:name
		ADDED from src\main\AndroidManifest.xml:69:13-37
activity#com.example.assignmentplanner.AddNewClassActivity
ADDED from src\main\AndroidManifest.xml:76:9-85:20
	android:label
		ADDED from src\main\AndroidManifest.xml:78:13-65
	android:parentActivityName
		ADDED from src\main\AndroidManifest.xml:79:13-58
	android:name
		ADDED from src\main\AndroidManifest.xml:77:13-48
activity#com.example.assignmentplanner.MainProfile
ADDED from src\main\AndroidManifest.xml:86:9-93:20
	android:label
		ADDED from src\main\AndroidManifest.xml:88:13-64
	android:parentActivityName
		ADDED from src\main\AndroidManifest.xml:89:13-55
	android:name
		ADDED from src\main\AndroidManifest.xml:87:13-40
activity#com.example.assignmentplanner.ClassesActivity
ADDED from src\main\AndroidManifest.xml:94:9-103:20
	android:label
		ADDED from src\main\AndroidManifest.xml:96:13-59
	android:parentActivityName
		ADDED from src\main\AndroidManifest.xml:97:13-55
	android:name
		ADDED from src\main\AndroidManifest.xml:95:13-44
activity#com.example.assignmentplanner.DayPlan
ADDED from src\main\AndroidManifest.xml:104:9-111:20
	android:label
		ADDED from src\main\AndroidManifest.xml:106:13-60
	android:parentActivityName
		ADDED from src\main\AndroidManifest.xml:107:13-55
	android:name
		ADDED from src\main\AndroidManifest.xml:105:13-36
activity#com.example.assignmentplanner.Test
ADDED from src\main\AndroidManifest.xml:112:9-115:20
	android:label
		ADDED from src\main\AndroidManifest.xml:114:13-56
	android:name
		ADDED from src\main\AndroidManifest.xml:113:13-33
activity#com.example.assignmentplanner.TodayActivity
ADDED from src\main\AndroidManifest.xml:116:9-119:20
	android:label
		ADDED from src\main\AndroidManifest.xml:118:13-57
	android:name
		ADDED from src\main\AndroidManifest.xml:117:13-42